<?xml version="1.0" encoding="UTF-8"?>
<!-- Generated by org.testng.reporters.JUnitXMLReporter -->
<testsuite hostname="dluamanuj63384" name="Test" tests="5" failures="1" timestamp="8 Feb 2017 08:58:44 GMT" time="19.988" errors="0">
  <testcase name="validateImage" time="0.078" classname="com.qurate.assessment.Mercury_Validations"/>
  <testcase name="loginWithValidValues" time="3.573" classname="com.qurate.assessment.Mercury_Validations"/>
  <testcase name="validateDropdown" time="0.094" classname="com.qurate.assessment.Mercury_Validations">
    <failure type="java.lang.AssertionError" message="expected [true] but found [false]">
      <![CDATA[java.lang.AssertionError: expected [true] but found [false]
	at com.qurate.assessment.Mercury_Validations.validateDropdown(Mercury_Validations.java:104)
... Removed 31 stack frames]]>
    </failure>
  </testcase> <!-- validateDropdown -->
  <testcase name="searchFlight" time="7.987" classname="com.qurate.assessment.Mercury_Validations"/>
  <testcase name="validateColor" time="0.204" classname="com.qurate.assessment.Mercury_Validations"/>
</testsuite> <!-- Test -->
