<?xml version="1.0" encoding="UTF-8"?>
<testng-results skipped="0" failed="1" total="5" passed="4">
  <reporter-output>
  </reporter-output>
  <suite name="Suite" duration-ms="19988" started-at="2017-02-08T08:58:24Z" finished-at="2017-02-08T08:58:44Z">
    <groups>
    </groups>
    <test name="Test" duration-ms="19988" started-at="2017-02-08T08:58:24Z" finished-at="2017-02-08T08:58:44Z">
      <class name="com.qurate.assessment.Mercury_Validations">
        <test-method status="PASS" signature="getdriverObject()[pri:0, instance:com.qurate.assessment.Mercury_Validations@68be2bc2]" name="getdriverObject" is-config="true" duration-ms="0" started-at="2017-02-08T14:28:32Z" finished-at="2017-02-08T14:28:32Z">
          <reporter-output>
          </reporter-output>
        </test-method> <!-- getdriverObject -->
        <test-method status="PASS" signature="validateImage()[pri:1, instance:com.qurate.assessment.Mercury_Validations@68be2bc2]" name="validateImage" duration-ms="78" started-at="2017-02-08T14:28:32Z" finished-at="2017-02-08T14:28:32Z">
          <reporter-output>
          </reporter-output>
        </test-method> <!-- validateImage -->
        <test-method status="PASS" signature="loginWithValidValues(java.lang.String, java.lang.String)[pri:3, instance:com.qurate.assessment.Mercury_Validations@68be2bc2]" name="loginWithValidValues" duration-ms="3573" started-at="2017-02-08T14:28:32Z" finished-at="2017-02-08T14:28:35Z">
          <params>
            <param index="0">
              <value>
                <![CDATA[mercury]]>
              </value>
            </param>
            <param index="1">
              <value>
                <![CDATA[mercury]]>
              </value>
            </param>
          </params>
          <reporter-output>
          </reporter-output>
        </test-method> <!-- loginWithValidValues -->
        <test-method status="FAIL" signature="validateDropdown()[pri:4, instance:com.qurate.assessment.Mercury_Validations@68be2bc2]" name="validateDropdown" duration-ms="94" started-at="2017-02-08T14:28:35Z" finished-at="2017-02-08T14:28:35Z">
          <exception class="java.lang.AssertionError">
            <message>
              <![CDATA[expected [true] but found [false]]]>
            </message>
            <full-stacktrace>
              <![CDATA[java.lang.AssertionError: expected [true] but found [false]
	at org.testng.Assert.fail(Assert.java:94)
	at org.testng.Assert.failNotEquals(Assert.java:513)
	at org.testng.Assert.assertEqualsImpl(Assert.java:135)
	at org.testng.Assert.assertEquals(Assert.java:116)
	at org.testng.Assert.assertEquals(Assert.java:305)
	at org.testng.Assert.assertEquals(Assert.java:315)
	at com.qurate.assessment.Mercury_Validations.validateDropdown(Mercury_Validations.java:104)
	at sun.reflect.NativeMethodAccessorImpl.invoke0(Native Method)
	at sun.reflect.NativeMethodAccessorImpl.invoke(Unknown Source)
	at sun.reflect.DelegatingMethodAccessorImpl.invoke(Unknown Source)
	at java.lang.reflect.Method.invoke(Unknown Source)
	at org.testng.internal.MethodInvocationHelper.invokeMethod(MethodInvocationHelper.java:86)
	at org.testng.internal.Invoker.invokeMethod(Invoker.java:646)
	at org.testng.internal.Invoker.invokeTestMethod(Invoker.java:823)
	at org.testng.internal.Invoker.invokeTestMethods(Invoker.java:1131)
	at org.testng.internal.TestMethodWorker.invokeTestMethods(TestMethodWorker.java:129)
	at org.testng.internal.TestMethodWorker.run(TestMethodWorker.java:112)
	at org.testng.TestRunner.privateRun(TestRunner.java:778)
	at org.testng.TestRunner.run(TestRunner.java:632)
	at org.testng.SuiteRunner.runTest(SuiteRunner.java:366)
	at org.testng.SuiteRunner.runSequentially(SuiteRunner.java:361)
	at org.testng.SuiteRunner.privateRun(SuiteRunner.java:319)
	at org.testng.SuiteRunner.run(SuiteRunner.java:268)
	at org.testng.SuiteRunnerWorker.runSuite(SuiteRunnerWorker.java:52)
	at org.testng.SuiteRunnerWorker.run(SuiteRunnerWorker.java:86)
	at org.testng.TestNG.runSuitesSequentially(TestNG.java:1225)
	at org.testng.TestNG.runSuitesLocally(TestNG.java:1150)
	at org.testng.TestNG.runSuites(TestNG.java:1075)
	at org.testng.TestNG.run(TestNG.java:1047)
	at org.testng.remote.AbstractRemoteTestNG.run(AbstractRemoteTestNG.java:126)
	at org.testng.remote.RemoteTestNG.initAndRun(RemoteTestNG.java:137)
	at org.testng.remote.RemoteTestNG.main(RemoteTestNG.java:58)
]]>
            </full-stacktrace>
          </exception> <!-- java.lang.AssertionError -->
          <reporter-output>
          </reporter-output>
        </test-method> <!-- validateDropdown -->
        <test-method status="PASS" signature="searchFlight()[pri:5, instance:com.qurate.assessment.Mercury_Validations@68be2bc2]" name="searchFlight" duration-ms="7987" started-at="2017-02-08T14:28:35Z" finished-at="2017-02-08T14:28:43Z">
          <reporter-output>
          </reporter-output>
        </test-method> <!-- searchFlight -->
        <test-method status="PASS" signature="validateColor()[pri:6, instance:com.qurate.assessment.Mercury_Validations@68be2bc2]" name="validateColor" duration-ms="204" started-at="2017-02-08T14:28:43Z" finished-at="2017-02-08T14:28:43Z">
          <reporter-output>
          </reporter-output>
        </test-method> <!-- validateColor -->
      </class> <!-- com.qurate.assessment.Mercury_Validations -->
      <class name="com.qurate.assessment.BaseSetUp">
        <test-method status="PASS" signature="InvokeAppInBrowser(java.lang.String, java.lang.String)[pri:0, instance:com.qurate.assessment.BaseSetUp@20e2cbe0]" name="InvokeAppInBrowser" is-config="true" duration-ms="7459" started-at="2017-02-08T14:28:24Z" finished-at="2017-02-08T14:28:32Z">
          <params>
            <param index="0">
              <value>
                <![CDATA[FF]]>
              </value>
            </param>
            <param index="1">
              <value>
                <![CDATA[http://newtours.demoaut.com/]]>
              </value>
            </param>
          </params>
          <reporter-output>
          </reporter-output>
        </test-method> <!-- InvokeAppInBrowser -->
        <test-method status="PASS" signature="closeApplication()[pri:0, instance:com.qurate.assessment.BaseSetUp@20e2cbe0]" name="closeApplication" is-config="true" duration-ms="577" started-at="2017-02-08T14:28:43Z" finished-at="2017-02-08T14:28:44Z">
          <reporter-output>
          </reporter-output>
        </test-method> <!-- closeApplication -->
      </class> <!-- com.qurate.assessment.BaseSetUp -->
    </test> <!-- Test -->
  </suite> <!-- Suite -->
</testng-results>
